Added Component: Designator=C1(6032)
Add component (AddParameter): Name = "ComponentLink1Description"; Value = "New link"; VariantName = "[No Variations]"
Add component (AddParameter): Name = "ComponentLink1URL"; Value = ""; VariantName = "[No Variations]"
Added Component: Designator=C2(6032)
Add component (AddParameter): Name = "ComponentLink1Description"; Value = "New link"; VariantName = "[No Variations]"
Add component (AddParameter): Name = "ComponentLink1URL"; Value = ""; VariantName = "[No Variations]"
Added Component: Designator=ESC1(ESC)
Added Component: Designator=ESC2(ESC)
Added Component: Designator=ESC3(ESC)
Added Component: Designator=ESC4(ESC)
Added Component: Designator=J1(J_2P)
Added Component: Designator=LED1(J_2)
Added Component: Designator=LED2(J_2)
Added Component: Designator=R1(0603)
Added Component: Designator=R2(0603)
Added Component: Designator=U1(ESP32)
Added Component: Designator=U2(JY61)
Added Component: Designator=U3(SOT-89)
Added Component: Designator=U4(SOT-23)
Added Component: Designator=U5(SOT-23)
Added Pin To Net: NetName=3.3V Pin=R1-2
Added Pin To Net: NetName=3.3V Pin=R2-2
Added Pin To Net: NetName=3.3V Pin=U1-1
Added Pin To Net: NetName=3.3V Pin=U2-1
Added Pin To Net: NetName=3.3V Pin=U2-5
Added Net: Name=3.3V
Added Pin To Net: NetName=5V Pin=C2-2
Added Pin To Net: NetName=5V Pin=U1-19
Added Pin To Net: NetName=5V Pin=U3-2
Added Pin To Net: NetName=5V Pin=U3-2
Added Net: Name=5V
Added Pin To Net: NetName=GND Pin=C1-1
Added Pin To Net: NetName=GND Pin=C2-1
Added Pin To Net: NetName=GND Pin=ESC1-3
Added Pin To Net: NetName=GND Pin=ESC2-3
Added Pin To Net: NetName=GND Pin=ESC3-3
Added Pin To Net: NetName=GND Pin=ESC4-3
Added Pin To Net: NetName=GND Pin=J1-2
Added Pin To Net: NetName=GND Pin=U1-38
Added Pin To Net: NetName=GND Pin=U2-4
Added Pin To Net: NetName=GND Pin=U2-8
Added Pin To Net: NetName=GND Pin=U4-3
Added Pin To Net: NetName=GND Pin=U5-3
Added Pin To Net: NetName=GND Pin=U3-1
Added Net: Name=GND
Added Pin To Net: NetName=LED1 Pin=U1-23
Added Pin To Net: NetName=LED1 Pin=U5-1
Added Net: Name=LED1
Added Pin To Net: NetName=LED2 Pin=U1-27
Added Pin To Net: NetName=LED2 Pin=U4-1
Added Net: Name=LED2
Added Pin To Net: NetName=NetLED1_1 Pin=LED1-1
Added Pin To Net: NetName=NetLED1_1 Pin=R1-1
Added Net: Name=NetLED1_1
Added Pin To Net: NetName=NetLED1_2 Pin=LED1-2
Added Pin To Net: NetName=NetLED1_2 Pin=U4-2
Added Net: Name=NetLED1_2
Added Pin To Net: NetName=NetLED2_1 Pin=LED2-1
Added Pin To Net: NetName=NetLED2_1 Pin=R2-1
Added Net: Name=NetLED2_1
Added Pin To Net: NetName=NetLED2_2 Pin=LED2-2
Added Pin To Net: NetName=NetLED2_2 Pin=U5-2
Added Net: Name=NetLED2_2
Added Pin To Net: NetName=PWM1 Pin=ESC1-2
Added Pin To Net: NetName=PWM1 Pin=U1-25
Added Net: Name=PWM1
Added Pin To Net: NetName=PWM2 Pin=ESC2-2
Added Pin To Net: NetName=PWM2 Pin=U1-24
Added Net: Name=PWM2
Added Pin To Net: NetName=PWM3 Pin=ESC3-2
Added Pin To Net: NetName=PWM3 Pin=U1-26
Added Net: Name=PWM3
Added Pin To Net: NetName=PWM4 Pin=ESC4-2
Added Pin To Net: NetName=PWM4 Pin=U1-29
Added Net: Name=PWM4
Added Pin To Net: NetName=RX_G Pin=U1-12
Added Pin To Net: NetName=RX_G Pin=U2-2
Added Net: Name=RX_G
Added Pin To Net: NetName=SCL_G Pin=U1-30
Added Pin To Net: NetName=SCL_G Pin=U2-6
Added Net: Name=SCL_G
Added Pin To Net: NetName=SDA_G Pin=U1-28
Added Pin To Net: NetName=SDA_G Pin=U2-7
Added Net: Name=SDA_G
Added Pin To Net: NetName=TX_G Pin=U1-13
Added Pin To Net: NetName=TX_G Pin=U2-3
Added Net: Name=TX_G
Added Pin To Net: NetName=VCC Pin=C1-2
Added Pin To Net: NetName=VCC Pin=ESC1-1
Added Pin To Net: NetName=VCC Pin=ESC2-1
Added Pin To Net: NetName=VCC Pin=ESC3-1
Added Pin To Net: NetName=VCC Pin=ESC4-1
Added Pin To Net: NetName=VCC Pin=J1-1
Added Pin To Net: NetName=VCC Pin=U3-3
Added Net: Name=VCC
Added Class: Name=QiTian Mini Flight Control
