Remove Pin=C6-1 From Net=AC5
Remove Pin=C7-1 From Net=AC6
Remove Pin=C10-1 From Net=AC7
Remove Pin=R5-2 From Net=3.3V
Remove Pin=R5-3 From Net=AC5
Remove Pin=R6-2 From Net=3.3V
Remove Pin=R6-3 From Net=AC6
Remove Pin=R7-2 From Net=3.3V
Remove Pin=R7-3 From Net=AC7
Remove Pin=SW1-1 From Net=3.3V
Remove Pin=SW2-1 From Net=3.3V
Remove Pin=SW3-1 From Net=3.3V
Remove Pin=U1-1 From Net=3.3V
Remove Pin=U1-5 From Net=AC1
Remove Pin=U1-6 From Net=AC2
Remove Pin=U1-7 From Net=AC3
Remove Pin=U1-8 From Net=AC4
Remove Pin=U1-9 From Net=AC5
Remove Pin=U1-10 From Net=AC6
Remove Pin=U1-11 From Net=AC7
Remove Pin=U1-12 From Net=CH1
Remove Pin=U1-13 From Net=CH2
Remove Pin=U1-15 From Net=CH3
Remove Pin=U1-19 From Net=5V
Remove Pin=U1-33 From Net=CH6
Remove Pin=U1-34 From Net=CH5
Remove Pin=U1-35 From Net=CH4
Remove Pin=YG1-3 From Net=3.3V
Remove Pin=YG1-6 From Net=3.3V
Remove Pin=YG2-3 From Net=3.3V
Remove Pin=YG2-6 From Net=3.3V
