Replace Part  U_ESP32 in G:\QiTian Aircraft\QiTian Mini Remote Control\QiTian Mini Remote Control\QiTian Mini Remote Control.SchDoc with U_ESP32 from QiTian Mini Remote Control.SchLib
Replace Part C? C in G:\QiTian Aircraft\QiTian Mini Remote Control\QiTian Mini Remote Control\QiTian Mini Remote Control.SchDoc with C from QiTian Mini Remote Control.SchLib
Replace Part C? C in G:\QiTian Aircraft\QiTian Mini Remote Control\QiTian Mini Remote Control\QiTian Mini Remote Control.SchDoc with C from QiTian Mini Remote Control.SchLib
Replace Part C? C_1 in G:\QiTian Aircraft\QiTian Mini Remote Control\QiTian Mini Remote Control\QiTian Mini Remote Control.SchDoc with C_1 from QiTian Mini Remote Control.SchLib
Replace Part C? C in G:\QiTian Aircraft\QiTian Mini Remote Control\QiTian Mini Remote Control\QiTian Mini Remote Control.SchDoc with C from QiTian Mini Remote Control.SchLib
Replace Part C? C in G:\QiTian Aircraft\QiTian Mini Remote Control\QiTian Mini Remote Control\QiTian Mini Remote Control.SchDoc with C from QiTian Mini Remote Control.SchLib
Replace Part C? C in G:\QiTian Aircraft\QiTian Mini Remote Control\QiTian Mini Remote Control\QiTian Mini Remote Control.SchDoc with C from QiTian Mini Remote Control.SchLib
Replace Part C? C in G:\QiTian Aircraft\QiTian Mini Remote Control\QiTian Mini Remote Control\QiTian Mini Remote Control.SchDoc with C from QiTian Mini Remote Control.SchLib
Replace Part C? C in G:\QiTian Aircraft\QiTian Mini Remote Control\QiTian Mini Remote Control\QiTian Mini Remote Control.SchDoc with C from QiTian Mini Remote Control.SchLib
Replace Part C? C in G:\QiTian Aircraft\QiTian Mini Remote Control\QiTian Mini Remote Control\QiTian Mini Remote Control.SchDoc with C from QiTian Mini Remote Control.SchLib
Replace Part C? C in G:\QiTian Aircraft\QiTian Mini Remote Control\QiTian Mini Remote Control\QiTian Mini Remote Control.SchDoc with C from QiTian Mini Remote Control.SchLib
Replace Part J? J_2 in G:\QiTian Aircraft\QiTian Mini Remote Control\QiTian Mini Remote Control\QiTian Mini Remote Control.SchDoc with J_2 from QiTian Mini Remote Control.SchLib
Replace Part L? L in G:\QiTian Aircraft\QiTian Mini Remote Control\QiTian Mini Remote Control\QiTian Mini Remote Control.SchDoc with L from QiTian Mini Remote Control.SchLib
Replace Part R? R in G:\QiTian Aircraft\QiTian Mini Remote Control\QiTian Mini Remote Control\QiTian Mini Remote Control.SchDoc with R from QiTian Mini Remote Control.SchLib
Replace Part R? R in G:\QiTian Aircraft\QiTian Mini Remote Control\QiTian Mini Remote Control\QiTian Mini Remote Control.SchDoc with R from QiTian Mini Remote Control.SchLib
Replace Part R? R in G:\QiTian Aircraft\QiTian Mini Remote Control\QiTian Mini Remote Control\QiTian Mini Remote Control.SchDoc with R from QiTian Mini Remote Control.SchLib
Replace Part R? R in G:\QiTian Aircraft\QiTian Mini Remote Control\QiTian Mini Remote Control\QiTian Mini Remote Control.SchDoc with R from QiTian Mini Remote Control.SchLib
Replace Part R? RH in G:\QiTian Aircraft\QiTian Mini Remote Control\QiTian Mini Remote Control\QiTian Mini Remote Control.SchDoc with RH from QiTian Mini Remote Control.SchLib
Replace Part R? RH in G:\QiTian Aircraft\QiTian Mini Remote Control\QiTian Mini Remote Control\QiTian Mini Remote Control.SchDoc with RH from QiTian Mini Remote Control.SchLib
Replace Part R? RH in G:\QiTian Aircraft\QiTian Mini Remote Control\QiTian Mini Remote Control\QiTian Mini Remote Control.SchDoc with RH from QiTian Mini Remote Control.SchLib
Replace Part R? R in G:\QiTian Aircraft\QiTian Mini Remote Control\QiTian Mini Remote Control\QiTian Mini Remote Control.SchDoc with R from QiTian Mini Remote Control.SchLib
Replace Part R? R in G:\QiTian Aircraft\QiTian Mini Remote Control\QiTian Mini Remote Control\QiTian Mini Remote Control.SchDoc with R from QiTian Mini Remote Control.SchLib
Replace Part R? R in G:\QiTian Aircraft\QiTian Mini Remote Control\QiTian Mini Remote Control\QiTian Mini Remote Control.SchDoc with R from QiTian Mini Remote Control.SchLib
Replace Part R? R in G:\QiTian Aircraft\QiTian Mini Remote Control\QiTian Mini Remote Control\QiTian Mini Remote Control.SchDoc with R from QiTian Mini Remote Control.SchLib
Replace Part R? R in G:\QiTian Aircraft\QiTian Mini Remote Control\QiTian Mini Remote Control\QiTian Mini Remote Control.SchDoc with R from QiTian Mini Remote Control.SchLib
Replace Part R? R in G:\QiTian Aircraft\QiTian Mini Remote Control\QiTian Mini Remote Control\QiTian Mini Remote Control.SchDoc with R from QiTian Mini Remote Control.SchLib
Replace Part SW? SW_3 in G:\QiTian Aircraft\QiTian Mini Remote Control\QiTian Mini Remote Control\QiTian Mini Remote Control.SchDoc with SW_3 from QiTian Mini Remote Control.SchLib
Replace Part SW? SW_3 in G:\QiTian Aircraft\QiTian Mini Remote Control\QiTian Mini Remote Control\QiTian Mini Remote Control.SchDoc with SW_3 from QiTian Mini Remote Control.SchLib
Replace Part SW? SW_3 in G:\QiTian Aircraft\QiTian Mini Remote Control\QiTian Mini Remote Control\QiTian Mini Remote Control.SchDoc with SW_3 from QiTian Mini Remote Control.SchLib
Replace Part U? U_FP6277 in G:\QiTian Aircraft\QiTian Mini Remote Control\QiTian Mini Remote Control\QiTian Mini Remote Control.SchDoc with U_FP6277 from QiTian Mini Remote Control.SchLib
Replace Part YG? YG in G:\QiTian Aircraft\QiTian Mini Remote Control\QiTian Mini Remote Control\QiTian Mini Remote Control.SchDoc with YG from QiTian Mini Remote Control.SchLib
Replace Part YG? YG in G:\QiTian Aircraft\QiTian Mini Remote Control\QiTian Mini Remote Control\QiTian Mini Remote Control.SchDoc with YG from QiTian Mini Remote Control.SchLib
