Added Net: Name=3.3V
Added Net: Name=5V
Added Net: Name=AC1
Added Net: Name=AC2
Added Net: Name=AC3
Added Net: Name=AC4
Added Net: Name=AC5
Added Net: Name=AC6
Added Net: Name=AC7
Added Net: Name=CH1
Added Net: Name=CH2
Added Net: Name=CH3
Added Net: Name=CH4
Added Net: Name=CH5
Added Net: Name=CH6
Added Net: Name=GND
Added Net: Name=NetC1_1
Added Net: Name=NetL1_2
Added Net: Name=NetR1_2
Added Net: Name=NetR2_1
Added Net: Name=NetR3_2
Added Class: Name=QiTian Mini Remote Control
Added Room: Name=QiTian Mini Remote Control
